<?xml version="1.0" encoding="UTF-8"?>
<testsuite xmlns:xsi="http://www.w3.org/2001/XMLSchema-instance" xsi:schemaLocation="https://maven.apache.org/surefire/maven-surefire-plugin/xsd/surefire-test-report.xsd" name="pl.battleships.core.GameRunnerTest" time="10.586" tests="5" errors="0" skipped="0" failures="0">
  <properties>
[...]
</properties>
  <testcase name="run game for 2 local players" classname="GameRunnerTest" time="10.309"/>
  <testcase name="checking shot to position 0,0 with expected result MISSED" classname="checking shot to position #x,#y with expected result #expected" time="0.031"/>
  <testcase name="checking shot to position 1,1 with expected result HIT" classname="checking shot to position #x,#y with expected result #expected" time="0.002"/>
  <testcase name="checking shot to position 8,6 with expected result DESTROYED" classname="checking shot to position #x,#y with expected result #expected" time="0.002"/>
  <testcase name="checking shot to position #x,#y with expected result #expected" classname="GameRunnerTest" time="0.002"/>
</testsuite>